<?xml version="1.0" encoding="UTF-8"?>
<!-- Generated by org.testng.reporters.JUnitXMLReporter -->
<testsuite ignored="0" hostname="LAPTOP-K8UAAH81" failures="0" tests="4" name="Test" time="45.968" errors="0" timestamp="2022-05-10T00:16:36 BST">
  <testcase classname="dockerIntegration.ChromeTest1" name="test1" time="28.046"/>
  <testcase classname="dockerIntegration.ChromeTest1" name="test2" time="37.645"/>
  <testcase classname="dockerIntegration.ChromeTest1" name="test3" time="45.756"/>
  <testcase classname="dockerIntegration.ChromeTest1" name="test4" time="45.863"/>
</testsuite> <!-- Test -->
