<?xml version="1.0" encoding="UTF-8"?>
<testng-results ignored="0" total="4" passed="4" failed="0" skipped="0">
  <reporter-output>
  </reporter-output>
  <suite started-at="2022-05-10T00:15:50 BST" name="Suite" finished-at="2022-05-10T00:16:36 BST" duration-ms="45968">
    <groups>
    </groups>
    <test started-at="2022-05-10T00:15:50 BST" name="Test" finished-at="2022-05-10T00:16:36 BST" duration-ms="45968">
      <class name="dockerIntegration.ChromeTest1">
        <test-method signature="test3()[pri:0, instance:dockerIntegration.ChromeTest1@4d5b6aac]" started-at="2022-05-10T00:15:50 BST" name="test3" finished-at="2022-05-10T00:16:36 BST" duration-ms="45756" status="PASS">
          <reporter-output>
          </reporter-output>
        </test-method> <!-- test3 -->
        <test-method signature="test1()[pri:0, instance:dockerIntegration.ChromeTest1@4d5b6aac]" started-at="2022-05-10T00:15:50 BST" name="test1" finished-at="2022-05-10T00:16:18 BST" duration-ms="28046" status="PASS">
          <reporter-output>
          </reporter-output>
        </test-method> <!-- test1 -->
        <test-method signature="test2()[pri:0, instance:dockerIntegration.ChromeTest1@4d5b6aac]" started-at="2022-05-10T00:15:50 BST" name="test2" finished-at="2022-05-10T00:16:28 BST" duration-ms="37645" status="PASS">
          <reporter-output>
          </reporter-output>
        </test-method> <!-- test2 -->
        <test-method signature="test4()[pri:0, instance:dockerIntegration.ChromeTest1@4d5b6aac]" started-at="2022-05-10T00:15:50 BST" name="test4" finished-at="2022-05-10T00:16:36 BST" duration-ms="45863" status="PASS">
          <reporter-output>
          </reporter-output>
        </test-method> <!-- test4 -->
      </class> <!-- dockerIntegration.ChromeTest1 -->
    </test> <!-- Test -->
  </suite> <!-- Suite -->
</testng-results>
